Timestamp	Board	ChangeType	Name
2022-07-10T18:51:45.939+00:00	mainboard	add	Mother of Runes
2022-07-10T18:51:45.939+00:00	mainboard	add	Porcelain Legionnaire
2022-07-10T18:51:45.939+00:00	mainboard	add	Soulfire Grand Master
2022-07-10T18:51:45.939+00:00	mainboard	add	Stoneforge Mystic
2022-07-10T18:51:45.939+00:00	mainboard	add	Thalia, Guardian of Thraben
2022-07-10T18:51:45.939+00:00	mainboard	add	Wall of Omens
2022-07-10T18:51:45.939+00:00	mainboard	add	Blade Splicer
2022-07-10T18:51:45.939+00:00	mainboard	add	Flickerwisp
2022-07-10T18:51:45.939+00:00	mainboard	add	Monastery Mentor
2022-07-10T18:51:45.939+00:00	mainboard	add	Recruiter of the Guard
2022-07-10T18:51:45.939+00:00	mainboard	add	Recruiter of the Guard
2022-07-10T18:51:45.939+00:00	mainboard	add	Recruiter of the Guard
2022-07-10T18:51:45.939+00:00	mainboard	add	Sun Titan
2022-07-10T18:51:45.939+00:00	mainboard	add	Elesh Norn, Grand Cenobite
2022-07-10T18:51:45.939+00:00	mainboard	add	Gideon Blackblade
2022-07-10T18:51:45.939+00:00	mainboard	add	Gideon, Ally of Zendikar
2022-07-10T18:51:45.939+00:00	mainboard	add	Gideon Jura
2022-07-10T18:51:45.939+00:00	mainboard	add	Gideon Jura
2022-07-10T18:51:45.939+00:00	mainboard	add	Gideon Jura
2022-07-10T18:51:45.939+00:00	mainboard	add	Path to Exile
2022-07-10T18:51:45.939+00:00	mainboard	add	Swords to Plowshares
2022-07-10T18:51:45.939+00:00	mainboard	add	Disenchant
2022-07-10T18:51:45.939+00:00	mainboard	add	Disenchant
2022-07-10T18:51:45.939+00:00	mainboard	add	Disenchant
2022-07-10T18:51:45.939+00:00	mainboard	add	Spectral Procession
2022-07-10T18:51:45.939+00:00	mainboard	add	Spectral Procession
2022-07-10T18:51:45.939+00:00	mainboard	add	Ravages of War
2022-07-10T18:51:45.939+00:00	mainboard	add	Ravages of War
2022-07-10T18:51:45.939+00:00	mainboard	add	Ravages of War
2022-07-10T18:51:45.939+00:00	mainboard	add	Spectral Procession
2022-07-10T18:51:45.939+00:00	mainboard	add	Karakas
2022-07-10T18:51:45.939+00:00	mainboard	add	Baral, Chief of Compliance
2022-07-10T18:51:45.939+00:00	mainboard	add	Baral, Chief of Compliance
2022-07-10T18:51:45.939+00:00	mainboard	add	Phantasmal Image
2022-07-10T18:51:45.939+00:00	mainboard	add	Snapcaster Mage
2022-07-10T18:51:45.939+00:00	mainboard	add	Deceiver Exarch
2022-07-10T18:51:45.939+00:00	mainboard	add	Pestermite
2022-07-10T18:51:45.939+00:00	mainboard	add	Glen Elendra Archmage
2022-07-10T18:51:45.939+00:00	mainboard	add	Glen Elendra Archmage
2022-07-10T18:51:45.939+00:00	mainboard	add	Sower of Temptation
2022-07-10T18:51:45.939+00:00	mainboard	add	Venser, Shaper Savant
2022-07-10T18:51:45.939+00:00	mainboard	add	Mulldrifter
2022-07-10T18:51:45.939+00:00	mainboard	add	Consecrated Sphinx
2022-07-10T18:51:45.939+00:00	mainboard	add	Inkwell Leviathan
2022-07-10T18:51:45.939+00:00	mainboard	add	Inkwell Leviathan
2022-07-10T18:51:45.939+00:00	mainboard	add	Tezzeret the Seeker
2022-07-10T18:51:45.939+00:00	mainboard	add	Brainstorm
2022-07-10T18:51:45.939+00:00	mainboard	add	High Tide
2022-07-10T18:51:45.939+00:00	mainboard	add	Spell Pierce
2022-07-10T18:51:45.939+00:00	mainboard	add	Brain Freeze
2022-07-10T18:51:45.939+00:00	mainboard	add	Counterspell
2022-07-10T18:51:45.939+00:00	mainboard	add	Daze
2022-07-10T18:51:45.939+00:00	mainboard	add	Mana Drain
2022-07-10T18:51:45.939+00:00	mainboard	add	Mana Leak
2022-07-10T18:51:45.939+00:00	mainboard	add	Miscalculation
2022-07-10T18:51:45.939+00:00	mainboard	add	Remand
2022-07-10T18:51:45.939+00:00	mainboard	add	Frantic Search
2022-07-10T18:51:45.939+00:00	mainboard	add	Cryptic Command
2022-07-10T18:51:45.939+00:00	mainboard	add	Fact or Fiction
2022-07-10T18:51:45.939+00:00	mainboard	add	Turnabout
2022-07-10T18:51:45.939+00:00	mainboard	add	Force of Will
2022-07-10T18:51:45.939+00:00	mainboard	add	Gitaxian Probe
2022-07-10T18:51:45.939+00:00	mainboard	add	Ponder
2022-07-10T18:51:45.939+00:00	mainboard	add	Preordain
2022-07-10T18:51:45.939+00:00	mainboard	add	Chart a Course
2022-07-10T18:51:45.939+00:00	mainboard	add	Tinker
2022-07-10T18:51:45.939+00:00	mainboard	add	Time Warp
2022-07-10T18:51:45.939+00:00	mainboard	add	Time Spiral
2022-07-10T18:51:45.939+00:00	mainboard	add	Upheaval
2022-07-10T18:51:45.939+00:00	mainboard	add	Opposition
2022-07-10T18:51:45.939+00:00	mainboard	add	Treachery
2022-07-10T18:51:45.939+00:00	mainboard	add	Shelldock Isle
2022-07-10T18:51:45.939+00:00	mainboard	add	Tolarian Academy
2022-07-10T18:51:45.939+00:00	mainboard	add	Oona's Prowler
2022-07-10T18:51:45.939+00:00	mainboard	add	Pack Rat
2022-07-10T18:51:45.939+00:00	mainboard	add	Bone Shredder
2022-07-10T18:51:45.939+00:00	mainboard	add	Gonti, Lord of Luxury
2022-07-10T18:51:45.939+00:00	mainboard	add	Shriekmaw
2022-07-10T18:51:45.939+00:00	mainboard	add	Grave Titan
2022-07-10T18:51:45.939+00:00	mainboard	add	Massacre Wurm
2022-07-10T18:51:45.939+00:00	mainboard	add	Griselbrand
2022-07-10T18:51:45.939+00:00	mainboard	add	Liliana of the Veil
2022-07-10T18:51:45.939+00:00	mainboard	add	Dark Ritual
2022-07-10T18:51:45.939+00:00	mainboard	add	Entomb
2022-07-10T18:51:45.939+00:00	mainboard	add	Vampiric Tutor
2022-07-10T18:51:45.939+00:00	mainboard	add	Cabal Ritual
2022-07-10T18:51:45.939+00:00	mainboard	add	Shallow Grave
2022-07-10T18:51:45.939+00:00	mainboard	add	Hero's Downfall
2022-07-10T18:51:45.939+00:00	mainboard	add	Makeshift Mannequin
2022-07-10T18:51:45.939+00:00	mainboard	add	Duress
2022-07-10T18:51:45.939+00:00	mainboard	add	Imperial Seal
2022-07-10T18:51:45.939+00:00	mainboard	add	Inquisition of Kozilek
2022-07-10T18:51:45.939+00:00	mainboard	add	Reanimate
2022-07-10T18:51:45.939+00:00	mainboard	add	Thoughtseize
2022-07-10T18:51:45.939+00:00	mainboard	add	Demonic Tutor
2022-07-10T18:51:45.939+00:00	mainboard	add	Exhume
2022-07-10T18:51:45.939+00:00	mainboard	add	Hymn to Tourach
2022-07-10T18:51:45.939+00:00	mainboard	add	Toxic Deluge
2022-07-10T18:51:45.939+00:00	mainboard	add	Damnation
2022-07-10T18:51:45.939+00:00	mainboard	add	Tendrils of Agony
2022-07-10T18:51:45.939+00:00	mainboard	add	Animate Dead
2022-07-10T18:51:45.939+00:00	mainboard	add	Bitterblossom
2022-07-10T18:51:45.939+00:00	mainboard	add	Necromancy
2022-07-10T18:51:45.939+00:00	mainboard	add	Recurring Nightmare
2022-07-10T18:51:45.939+00:00	mainboard	add	Goblin Guide
2022-07-10T18:51:45.939+00:00	mainboard	add	Goblin Welder
2022-07-10T18:51:45.939+00:00	mainboard	add	Grim Lavamancer
2022-07-10T18:51:45.939+00:00	mainboard	add	Monastery Swiftspear
2022-07-10T18:51:45.939+00:00	mainboard	add	Dire Fleet Daredevil
2022-07-10T18:51:45.939+00:00	mainboard	add	Runaway Steam-Kin
2022-07-10T18:51:45.939+00:00	mainboard	add	Young Pyromancer
2022-07-10T18:51:45.939+00:00	mainboard	add	Imperial Recruiter
2022-07-10T18:51:45.939+00:00	mainboard	add	Hellrider
2022-07-10T18:51:45.939+00:00	mainboard	add	Kiki-Jiki, Mirror Breaker
2022-07-10T18:51:45.939+00:00	mainboard	add	Zealous Conscripts
2022-07-10T18:51:45.939+00:00	mainboard	add	Daretti, Scrap Savant
2022-07-10T18:51:45.939+00:00	mainboard	add	Koth of the Hammer
2022-07-10T18:51:45.939+00:00	mainboard	add	Burst Lightning
2022-07-10T18:51:45.939+00:00	mainboard	add	Lightning Bolt
2022-07-10T18:51:45.939+00:00	mainboard	add	Abrade
2022-07-10T18:51:45.939+00:00	mainboard	add	Seething Song
2022-07-10T18:51:45.939+00:00	mainboard	add	Chain Lightning
2022-07-10T18:51:45.939+00:00	mainboard	add	Faithless Looting
2022-07-10T18:51:45.939+00:00	mainboard	add	Firebolt
2022-07-10T18:51:45.939+00:00	mainboard	add	Past in Flames
2022-07-10T18:51:45.939+00:00	mainboard	add	Mana Flare
2022-07-10T18:51:45.939+00:00	mainboard	add	Sulfuric Vortex
2022-07-10T18:51:45.939+00:00	mainboard	add	Sneak Attack
2022-07-10T18:51:45.939+00:00	mainboard	add	Splinter Twin
2022-07-10T18:51:45.939+00:00	mainboard	add	Arbor Elf
2022-07-10T18:51:45.939+00:00	mainboard	add	Birds of Paradise
2022-07-10T18:51:45.939+00:00	mainboard	add	Elvish Mystic
2022-07-10T18:51:45.939+00:00	mainboard	add	Fyndhorn Elves
2022-07-10T18:51:45.939+00:00	mainboard	add	Joraga Treespeaker
2022-07-10T18:51:45.939+00:00	mainboard	add	Llanowar Elves
2022-07-10T18:51:45.939+00:00	mainboard	add	Noble Hierarch
2022-07-10T18:51:45.939+00:00	mainboard	add	Devoted Druid
2022-07-10T18:51:45.939+00:00	mainboard	add	Rofellos, Llanowar Emissary
2022-07-10T18:51:45.939+00:00	mainboard	add	Scavenging Ooze
2022-07-10T18:51:45.939+00:00	mainboard	add	Courser of Kruphix
2022-07-10T18:51:45.939+00:00	mainboard	add	Eternal Witness
2022-07-10T18:51:45.939+00:00	mainboard	add	Ramunap Excavator
2022-07-10T18:51:45.939+00:00	mainboard	add	Reclamation Sage
2022-07-10T18:51:45.939+00:00	mainboard	add	Tireless Tracker
2022-07-10T18:51:45.939+00:00	mainboard	add	Oracle of Mul Daya
2022-07-10T18:51:45.939+00:00	mainboard	add	Acidic Slime
2022-07-10T18:51:45.939+00:00	mainboard	add	Thragtusk
2022-07-10T18:51:45.939+00:00	mainboard	add	Primeval Titan
2022-07-10T18:51:45.939+00:00	mainboard	add	Avenger of Zendikar
2022-07-10T18:51:45.939+00:00	mainboard	add	Craterhoof Behemoth
2022-07-10T18:51:45.939+00:00	mainboard	add	Terastodon
2022-07-10T18:51:45.939+00:00	mainboard	add	Woodfall Primus
2022-07-10T18:51:45.939+00:00	mainboard	add	Garruk Wildspeaker
2022-07-10T18:51:45.939+00:00	mainboard	add	Channel
2022-07-10T18:51:45.939+00:00	mainboard	add	Regrowth
2022-07-10T18:51:45.939+00:00	mainboard	add	Natural Order
2022-07-10T18:51:45.939+00:00	mainboard	add	Plow Under
2022-07-10T18:51:45.939+00:00	mainboard	add	Green Sun's Zenith
2022-07-10T18:51:45.939+00:00	mainboard	add	Finale of Devastation
2022-07-10T18:51:45.939+00:00	mainboard	add	Fastbond
2022-07-10T18:51:45.939+00:00	mainboard	add	Oath of Druids
2022-07-10T18:51:45.939+00:00	mainboard	add	Survival of the Fittest
2022-07-10T18:51:45.939+00:00	mainboard	add	Heartbeat of Spring
2022-07-10T18:51:45.939+00:00	mainboard	add	Gaea's Cradle
2022-07-10T18:51:45.939+00:00	mainboard	add	Teferi, Hero of Dominaria
2022-07-10T18:51:45.939+00:00	mainboard	add	Fractured Identity
2022-07-10T18:51:45.939+00:00	mainboard	add	Celestial Colonnade
2022-07-10T18:51:45.939+00:00	mainboard	add	Flooded Strand
2022-07-10T18:51:45.939+00:00	mainboard	add	Hallowed Fountain
2022-07-10T18:51:45.939+00:00	mainboard	add	Seachrome Coast
2022-07-10T18:51:45.939+00:00	mainboard	add	Tundra
2022-07-10T18:51:45.939+00:00	mainboard	add	Baleful Strix
2022-07-10T18:51:45.939+00:00	mainboard	add	Darkslick Shores
2022-07-10T18:51:45.939+00:00	mainboard	add	Polluted Delta
2022-07-10T18:51:45.939+00:00	mainboard	add	Underground Sea
2022-07-10T18:51:45.939+00:00	mainboard	add	Watery Grave
2022-07-10T18:51:45.939+00:00	mainboard	add	Daretti, Ingenious Iconoclast
2022-07-10T18:51:45.939+00:00	mainboard	add	Kolaghan's Command
2022-07-10T18:51:45.939+00:00	mainboard	add	Badlands
2022-07-10T18:51:45.939+00:00	mainboard	add	Blackcleave Cliffs
2022-07-10T18:51:45.939+00:00	mainboard	add	Blood Crypt
2022-07-10T18:51:45.939+00:00	mainboard	add	Bloodstained Mire
2022-07-10T18:51:45.939+00:00	mainboard	add	Manamorphose
2022-07-10T18:51:45.939+00:00	mainboard	add	Copperline Gorge
2022-07-10T18:51:45.939+00:00	mainboard	add	Stomping Ground
2022-07-10T18:51:45.939+00:00	mainboard	add	Taiga
2022-07-10T18:51:45.939+00:00	mainboard	add	Wooded Foothills
2022-07-10T18:51:45.939+00:00	mainboard	add	Kitchen Finks
2022-07-10T18:51:45.939+00:00	mainboard	add	Knight of Autumn
2022-07-10T18:51:45.939+00:00	mainboard	add	Mirari's Wake
2022-07-10T18:51:45.939+00:00	mainboard	add	Razorverge Thicket
2022-07-10T18:51:45.939+00:00	mainboard	add	Savannah
2022-07-10T18:51:45.939+00:00	mainboard	add	Temple Garden
2022-07-10T18:51:45.939+00:00	mainboard	add	Windswept Heath
2022-07-10T18:51:45.939+00:00	mainboard	add	Tidehollow Sculler
2022-07-10T18:51:45.939+00:00	mainboard	add	Vindicate
2022-07-10T18:51:45.939+00:00	mainboard	add	Concealed Courtyard
2022-07-10T18:51:45.939+00:00	mainboard	add	Godless Shrine
2022-07-10T18:51:45.939+00:00	mainboard	add	Marsh Flats
2022-07-10T18:51:45.939+00:00	mainboard	add	Scrubland
2022-07-10T18:51:45.939+00:00	mainboard	add	Bayou
2022-07-10T18:51:45.939+00:00	mainboard	add	Blooming Marsh
2022-07-10T18:51:45.939+00:00	mainboard	add	Overgrown Tomb
2022-07-10T18:51:45.939+00:00	mainboard	add	Verdant Catacombs
2022-07-10T18:51:45.939+00:00	mainboard	add	Hydroid Krasis
2022-07-10T18:51:45.939+00:00	mainboard	add	Botanical Sanctum
2022-07-10T18:51:45.939+00:00	mainboard	add	Breeding Pool
2022-07-10T18:51:45.939+00:00	mainboard	add	Misty Rainforest
2022-07-10T18:51:45.939+00:00	mainboard	add	Tropical Island
2022-07-10T18:51:45.939+00:00	mainboard	add	Goblin Electromancer
2022-07-10T18:51:45.939+00:00	mainboard	add	Dack Fayden
2022-07-10T18:51:45.939+00:00	mainboard	add	Scalding Tarn
2022-07-10T18:51:45.939+00:00	mainboard	add	Spirebluff Canal
2022-07-10T18:51:45.939+00:00	mainboard	add	Steam Vents
2022-07-10T18:51:45.939+00:00	mainboard	add	Volcanic Island
2022-07-10T18:51:45.939+00:00	mainboard	add	Figure of Destiny
2022-07-10T18:51:45.939+00:00	mainboard	add	Nahiri, the Harbinger
2022-07-10T18:51:45.939+00:00	mainboard	add	Lightning Helix
2022-07-10T18:51:45.939+00:00	mainboard	add	Arid Mesa
2022-07-10T18:51:45.939+00:00	mainboard	add	Inspiring Vantage
2022-07-10T18:51:45.939+00:00	mainboard	add	Plateau
2022-07-10T18:51:45.939+00:00	mainboard	add	Sacred Foundry
2022-07-10T18:51:45.939+00:00	mainboard	add	Sphinx of the Steel Wind
2022-07-10T18:51:45.939+00:00	mainboard	add	Ulamog, the Ceaseless Hunger
2022-07-10T18:51:45.939+00:00	mainboard	add	Ulamog, the Infinite Gyre
2022-07-10T18:51:45.939+00:00	mainboard	add	Emrakul, the Promised End
2022-07-10T18:51:45.939+00:00	mainboard	add	Emrakul, the Aeons Torn
2022-07-10T18:51:45.939+00:00	mainboard	add	Karn, Scion of Urza
2022-07-10T18:51:45.939+00:00	mainboard	add	Karn Liberated
2022-07-10T18:51:45.939+00:00	mainboard	add	Ugin, the Spirit Dragon
2022-07-10T18:51:45.939+00:00	mainboard	add	Bomat Courier
2022-07-10T18:51:45.939+00:00	mainboard	add	Hangarback Walker
2022-07-10T18:51:45.939+00:00	mainboard	add	Phyrexian Revoker
2022-07-10T18:51:45.939+00:00	mainboard	add	Metalworker
2022-07-10T18:51:45.939+00:00	mainboard	add	Kuldotha Forgemaster
2022-07-10T18:51:45.939+00:00	mainboard	add	Wurmcoil Engine
2022-07-10T18:51:45.939+00:00	mainboard	add	Myr Battlesphere
2022-07-10T18:51:45.939+00:00	mainboard	add	Sundering Titan
2022-07-10T18:51:45.939+00:00	mainboard	add	Walking Ballista
2022-07-10T18:51:45.939+00:00	mainboard	add	Blightsteel Colossus
2022-07-10T18:51:45.939+00:00	mainboard	add	Chrome Mox
2022-07-10T18:51:45.939+00:00	mainboard	add	Lion's Eye Diamond
2022-07-10T18:51:45.939+00:00	mainboard	add	Lotus Bloom
2022-07-10T18:51:45.939+00:00	mainboard	add	Mana Crypt
2022-07-10T18:51:45.939+00:00	mainboard	add	Mox Diamond
2022-07-10T18:51:45.939+00:00	mainboard	add	Mana Vault
2022-07-10T18:51:45.939+00:00	mainboard	add	Relic of Progenitus
2022-07-10T18:51:45.939+00:00	mainboard	add	Sensei's Divining Top
2022-07-10T18:51:45.939+00:00	mainboard	add	Sol Ring
2022-07-10T18:51:45.939+00:00	mainboard	add	Azorius Signet
2022-07-10T18:51:45.939+00:00	mainboard	add	Boros Signet
2022-07-10T18:51:45.939+00:00	mainboard	add	Dimir Signet
2022-07-10T18:51:45.939+00:00	mainboard	add	Golgari Signet
2022-07-10T18:51:45.939+00:00	mainboard	add	Grim Monolith
2022-07-10T18:51:45.939+00:00	mainboard	add	Gruul Signet
2022-07-10T18:51:45.939+00:00	mainboard	add	Izzet Signet
2022-07-10T18:51:45.939+00:00	mainboard	add	Orzhov Signet
2022-07-10T18:51:45.939+00:00	mainboard	add	Rakdos Signet
2022-07-10T18:51:45.939+00:00	mainboard	add	Selesnya Signet
2022-07-10T18:51:45.939+00:00	mainboard	add	Simic Signet
2022-07-10T18:51:45.939+00:00	mainboard	add	Smuggler's Copter
2022-07-10T18:51:45.939+00:00	mainboard	add	Umezawa's Jitte
2022-07-10T18:51:45.939+00:00	mainboard	add	Winter Orb
2022-07-10T18:51:45.939+00:00	mainboard	add	Basalt Monolith
2022-07-10T18:51:45.939+00:00	mainboard	add	Coalition Relic
2022-07-10T18:51:45.939+00:00	mainboard	add	Crucible of Worlds
2022-07-10T18:51:45.939+00:00	mainboard	add	Oblivion Stone
2022-07-10T18:51:45.939+00:00	mainboard	add	Sword of Feast and Famine
2022-07-10T18:51:45.939+00:00	mainboard	add	Worn Powerstone
2022-07-10T18:51:45.939+00:00	mainboard	add	Smokestack
2022-07-10T18:51:45.939+00:00	mainboard	add	Thran Dynamo
2022-07-10T18:51:45.939+00:00	mainboard	add	Batterskull
2022-07-10T18:51:45.939+00:00	mainboard	add	Memory Jar
2022-07-10T18:51:45.939+00:00	mainboard	add	Mindslaver
2022-07-10T18:51:45.939+00:00	mainboard	add	Academy Ruins
2022-07-10T18:51:45.939+00:00	mainboard	add	Ancient Tomb
2022-07-10T18:51:45.939+00:00	mainboard	add	Mishra's Factory
2022-07-10T18:51:45.939+00:00	mainboard	add	Mishra's Workshop
2022-07-10T18:51:45.939+00:00	mainboard	add	Rishadan Port
2022-07-10T18:51:45.939+00:00	mainboard	add	Strip Mine
2022-07-10T18:51:45.939+00:00	mainboard	add	Wasteland
2022-07-10T18:51:45.939+00:00	mainboard	add	Giver of Runes
2022-07-10T18:51:45.939+00:00	mainboard	add	Thraben Inspector
2022-07-10T18:51:45.939+00:00	mainboard	add	Narset, Parter of Veils
2022-07-10T18:51:45.939+00:00	mainboard	add	Force of Negation
2022-07-10T18:51:45.939+00:00	mainboard	add	Urza, Lord High Artificer
2022-07-10T18:51:45.939+00:00	mainboard	add	Brazen Borrower
2022-07-10T18:51:45.939+00:00	mainboard	add	Bolas's Citadel
2022-07-10T18:51:45.939+00:00	mainboard	add	Murderous Rider
2022-07-10T18:51:45.939+00:00	mainboard	add	Teferi, Time Raveler
2022-07-10T18:51:45.939+00:00	mainboard	add	Wrenn and Six
2022-07-10T18:51:45.939+00:00	mainboard	add	Oko, Thief of Crowns
2022-07-10T18:51:45.939+00:00	mainboard	add	Prismatic Vista
2022-07-10T18:51:45.939+00:00	mainboard	add	Kroxa, Titan of Death's Hunger
2022-07-10T18:51:45.939+00:00	mainboard	add	Uro, Titan of Nature's Wrath
2022-07-10T18:51:45.939+00:00	mainboard	add	Elspeth, Knight-Errant
2022-07-10T18:51:45.939+00:00	mainboard	add	Cultivate
2022-07-10T18:51:45.939+00:00	mainboard	add	Elder Gargaroth
2022-07-10T18:51:45.939+00:00	mainboard	add	Elder Gargaroth
2022-07-10T18:51:45.939+00:00	mainboard	add	Thieving Skydiver
2022-07-10T18:51:45.939+00:00	mainboard	add	Bloodchief's Thirst
2022-07-10T18:51:45.939+00:00	mainboard	add	Hexdrinker
2022-07-10T18:51:45.939+00:00	mainboard	add	Omnath, Locus of Creation
2022-07-10T18:51:45.939+00:00	mainboard	add	Gilded Lotus
2022-07-10T18:51:45.939+00:00	mainboard	add	Goldspan Dragon
2022-07-10T18:51:45.939+00:00	mainboard	add	Elite Spellbinder
2022-07-10T18:51:45.939+00:00	mainboard	add	Palace Jailer
2022-07-10T18:51:45.939+00:00	mainboard	add	Liliana, the Last Hope
2022-07-10T18:51:45.939+00:00	mainboard	add	Archon of Cruelty
2022-07-10T18:51:45.939+00:00	mainboard	add	Ragavan, Nimble Pilferer
2022-07-10T18:51:45.939+00:00	mainboard	add	Unholy Heat
2022-07-10T18:51:45.939+00:00	mainboard	add	Dragon's Rage Channeler
2022-07-10T18:51:45.939+00:00	mainboard	add	Ignoble Hierarch
2022-07-10T18:51:45.939+00:00	mainboard	add	Expressive Iteration
2022-07-10T18:51:45.939+00:00	mainboard	add	Vraska, Golgari Queen
2022-07-10T18:51:45.939+00:00	mainboard	add	Urza's Saga
2022-07-10T18:51:45.939+00:00	mainboard	add	Karmic Guide
2022-07-10T18:51:45.939+00:00	mainboard	add	Laelia, the Blade Reforged
2022-07-10T18:51:45.939+00:00	mainboard	add	Augur of Autumn
2022-07-10T18:51:45.939+00:00	mainboard	add	Birthing Pod
2022-07-10T18:51:45.939+00:00	mainboard	add	Niv-Mizzet Reborn
2022-07-10T18:51:45.939+00:00	mainboard	add	Esper Sentinel
2022-07-10T18:51:45.939+00:00	mainboard	add	Lion Sash
2022-07-10T18:51:45.939+00:00	mainboard	add	Ephemerate
2022-07-10T18:51:45.939+00:00	mainboard	add	The Wandering Emperor
2022-07-10T18:51:45.939+00:00	mainboard	add	Murktide Regent
2022-07-10T18:51:45.939+00:00	mainboard	add	Murktide Regent
2022-07-10T18:51:45.939+00:00	mainboard	add	Sedgemoor Witch
2022-07-10T18:51:45.939+00:00	mainboard	add	Dauthi Voidwalker
2022-07-10T18:51:45.939+00:00	mainboard	add	Braids, Cabal Minion
2022-07-10T18:51:45.939+00:00	mainboard	add	Braids, Cabal Minion
2022-07-10T18:51:45.939+00:00	mainboard	add	Bonecrusher Giant
2022-07-10T18:51:45.939+00:00	mainboard	add	Goblin Bombardment
2022-07-10T18:51:45.939+00:00	mainboard	add	Fable of the Mirror-Breaker
2022-07-10T18:51:45.939+00:00	mainboard	add	Red Elemental Blast
2022-07-10T18:51:45.939+00:00	mainboard	add	Utopia Sprawl
2022-07-10T18:51:45.939+00:00	mainboard	add	Crop Rotation
2022-07-10T18:51:45.939+00:00	mainboard	add	Hornet Queen
2022-07-10T18:51:45.939+00:00	mainboard	add	Pest Infestation
2022-07-10T18:51:45.939+00:00	mainboard	add	Life from the Loam
2022-07-10T18:51:45.939+00:00	mainboard	add	Lurrus of the Dream-Den
2022-07-10T18:51:45.939+00:00	mainboard	add	Escape to the Wilds
2022-07-10T18:51:45.939+00:00	mainboard	add	Dark Depths
2022-07-10T18:51:45.939+00:00	mainboard	add	Thespian's Stage
2022-07-10T18:51:45.939+00:00	mainboard	add	Horizon Canopy
2022-07-10T18:51:45.939+00:00	mainboard	add	Silent Clearing
2022-07-10T18:51:45.939+00:00	mainboard	add	Nurturing Peatland
2022-07-10T18:51:45.939+00:00	mainboard	add	Waterlogged Grove
2022-07-10T18:51:45.939+00:00	mainboard	add	Fiery Islet
2022-07-10T18:51:45.939+00:00	mainboard	add	Sunbaked Canyon
2022-07-10T18:51:45.939+00:00	mainboard	add	Oblivion Ring
2022-07-10T18:51:45.939+00:00	mainboard	add	Bone Shards
2022-07-10T18:51:45.939+00:00	mainboard	add	Corpse Dance
2022-07-10T18:51:45.939+00:00	mainboard	add	Exploration
2022-07-10T18:51:45.939+00:00	mainboard	add	Dryad of the Ilysian Grove
2022-07-10T18:51:45.939+00:00	mainboard	add	Unlicensed Hearse
2022-07-10T18:51:45.939+00:00	mainboard	add	Kaito Shizuki
2022-07-10T18:51:45.939+00:00	mainboard	add	General Ferrous Rokiric
2022-07-10T18:51:45.939+00:00	mainboard	add	Spara's Headquarters
2022-07-10T18:51:45.939+00:00	mainboard	add	Xander's Lounge
2022-07-10T18:51:45.939+00:00	mainboard	add	Ketria Triome
2022-07-10T18:51:45.939+00:00	mainboard	add	Raugrin Triome
2022-07-10T18:51:45.939+00:00	mainboard	add	Zagoth Triome
2022-07-10T18:51:45.939+00:00	mainboard	add	Indatha Triome
2022-07-10T18:51:45.939+00:00	mainboard	add	Final Fortune
2022-07-10T18:51:45.939+00:00	mainboard	add	Lingering Souls
2022-07-10T18:51:45.939+00:00	mainboard	add	Wheel of Fortune
2022-07-10T18:51:45.939+00:00	mainboard	add	Kogla, the Titan Ape
2022-07-10T18:51:45.939+00:00	mainboard	add	Damn
2022-07-10T18:51:45.939+00:00	mainboard	add	Unburial Rites
2022-07-10T18:51:45.939+00:00	mainboard	add	Delver of Secrets
2022-07-10T18:51:45.939+00:00	mainboard	add	Thing in the Ice
2022-07-10T18:51:45.939+00:00	mainboard	add	Thassa's Oracle
2022-07-10T18:51:45.939+00:00	mainboard	add	Suspicious Stowaway
2022-07-10T18:51:45.939+00:00	mainboard	add	Compulsive Research
2022-07-10T18:51:45.939+00:00	mainboard	add	Gifts Ungiven
2022-07-10T18:51:45.939+00:00	mainboard	add	The Mirari Conjecture
2022-07-10T18:51:45.939+00:00	mainboard	add	Shark Typhoon
2022-07-10T18:51:45.939+00:00	mainboard	add	Shark Typhoon
2022-07-10T18:51:45.939+00:00	mainboard	add	Temporal Manipulation
2022-07-10T18:51:45.939+00:00	mainboard	add	Thassa's Oracle
2022-07-10T18:51:45.939+00:00	mainboard	add	Assassin's Trophy
2022-07-10T18:51:45.939+00:00	mainboard	add	Soulherder
2022-07-10T18:51:45.939+00:00	mainboard	add	Usher of the Fallen
2022-07-10T18:51:45.939+00:00	mainboard	add	Intrepid Adversary
2022-07-10T18:51:45.939+00:00	mainboard	add	Golos, Tireless Pilgrim
2022-07-10T18:51:45.939+00:00	mainboard	add	Raging Ravine
2022-07-10T18:51:45.939+00:00	mainboard	add	Faerie Artisans
2022-07-10T18:51:45.939+00:00	mainboard	add	Expansion // Explosion
2022-07-10T18:51:45.939+00:00	mainboard	add	Leonin Relic-Warder
2022-07-10T18:51:45.939+00:00	mainboard	add	Leonin Relic-Warder
2022-07-10T18:51:45.939+00:00	mainboard	add	Spellseeker
2022-07-10T18:51:45.939+00:00	mainboard	add	Timetwister
2022-07-10T18:51:45.939+00:00	mainboard	add	Temporary Lockdown
2022-07-10T18:51:45.939+00:00	mainboard	add	Temporary Lockdown
2022-07-10T18:51:45.939+00:00	mainboard	add	Atraxa, Grand Unifier
2022-07-10T18:51:45.939+00:00	mainboard	add	Sea Gate Stormcaller
2022-07-10T18:51:45.939+00:00	mainboard	add	Tamiyo, Compleated Sage
2022-07-10T18:51:45.939+00:00	mainboard	add	Halana and Alena, Partners
2022-07-10T18:51:45.939+00:00	mainboard	add	Portent
2022-07-10T18:51:45.939+00:00	mainboard	add	Nighthawk Scavenger
2022-07-10T18:51:45.939+00:00	mainboard	add	Palinchron
2022-07-10T18:51:45.939+00:00	mainboard	add	Garruk Relentless
2022-07-10T18:51:45.939+00:00	mainboard	add	Pia and Kiran Nalaar
2022-07-10T18:51:45.939+00:00	mainboard	add	Oust
2022-07-10T18:51:45.939+00:00	mainboard	add	Bloodthirsty Adversary
2022-07-10T18:51:45.939+00:00	mainboard	add	Thirst for Discovery
2022-07-10T18:51:45.939+00:00	mainboard	add	Magus of the Order
2022-07-10T18:51:45.939+00:00	mainboard	add	Satoru Umezawa
2022-07-10T18:51:45.939+00:00	mainboard	add	Swift Reconfiguration
2022-07-10T18:51:45.939+00:00	mainboard	add	Skyclave Shade
2022-07-10T18:51:45.939+00:00	mainboard	add	Thousand-Year Storm
2022-07-10T18:51:45.939+00:00	mainboard	add	Tireless Provisioner
2022-07-10T18:51:45.939+00:00	mainboard	add	Containment Priest
2022-07-10T18:51:45.939+00:00	mainboard	add	Embereth Shieldbreaker
2022-07-10T18:51:45.939+00:00	mainboard	add	Mutavault
2022-07-10T18:51:45.939+00:00	mainboard	add	Library of Alexandria
2022-07-10T18:51:45.939+00:00	mainboard	add	Field of the Dead
2022-07-10T18:51:45.939+00:00	mainboard	add	Bazaar of Baghdad
2022-07-10T18:51:45.939+00:00	mainboard	add	Savai Triome
2022-07-10T18:51:45.939+00:00	mainboard	add	Jetmir's Garden
2022-07-10T18:51:45.939+00:00	mainboard	add	Ziatora's Proving Ground
2022-07-10T18:51:45.939+00:00	mainboard	add	Raffine's Tower
2022-07-10T18:51:45.939+00:00	mainboard	add	Ziatora's Proving Ground
2022-07-10T18:51:45.939+00:00	mainboard	add	Lavaclaw Reaches
2022-07-10T18:51:45.939+00:00	mainboard	add	Creeping Tar Pit
2022-07-10T18:51:45.939+00:00	mainboard	add	Black Lotus
2022-07-10T18:51:45.939+00:00	mainboard	add	Everflowing Chalice
2022-07-10T18:51:45.939+00:00	mainboard	add	Lodestone Golem
2022-07-10T18:51:45.939+00:00	mainboard	add	Skullclamp
2022-07-10T18:51:45.939+00:00	mainboard	add	Retrofitter Foundry
2022-07-10T18:51:45.939+00:00	mainboard	add	Sword of Fire and Ice
2022-07-10T18:51:45.939+00:00	mainboard	add	Sword of Body and Mind
2022-07-10T18:51:45.939+00:00	mainboard	add	Tangle Wire
2022-07-10T18:51:45.939+00:00	mainboard	add	Coercive Portal
2022-07-10T18:51:45.939+00:00	mainboard	add	Witherbloom Command
2022-07-10T18:51:45.939+00:00	mainboard	add	Lotus Petal
2022-07-10T18:51:45.939+00:00	mainboard	add	Yorion, Sky Nomad
2022-07-10T18:51:45.939+00:00	mainboard	add	Geist of Saint Traft
2022-07-10T18:51:45.939+00:00	mainboard	add	Ashiok, Nightmare Weaver
2022-07-10T18:51:45.939+00:00	mainboard	add	The Scarab God
2022-07-10T18:51:45.939+00:00	mainboard	add	Ob Nixilis, the Adversary
2022-07-10T18:51:45.939+00:00	mainboard	add	Olivia, Crimson Bride
2022-07-10T18:51:45.939+00:00	mainboard	add	Edric, Spymaster of Trest
2022-07-10T18:51:45.939+00:00	mainboard	add	Aura Shards
2022-07-10T18:51:45.939+00:00	mainboard	add	Huntmaster of the Fells
2022-07-10T18:51:45.939+00:00	mainboard	add	Ashen Rider
2022-07-10T18:51:45.939+00:00	mainboard	add	Progenitus
2022-07-10T18:51:45.939+00:00	mainboard	add	Showdown of the Skalds
2022-07-10T18:51:45.939+00:00	mainboard	add	Leovold, Emissary of Trest
2022-07-10T18:51:45.939+00:00	mainboard	add	Knight of the Reliquary
2022-07-10T18:51:45.939+00:00	mainboard	add	Grist, the Hunger Tide
2022-07-10T18:51:45.939+00:00	mainboard	add	Maelstrom Pulse
2022-07-10T18:51:45.939+00:00	mainboard	add	Ancestral Recall
2022-07-10T18:51:45.939+00:00	mainboard	add	Ancestral Vision
2022-07-10T18:51:45.939+00:00	mainboard	add	Repeal
2022-07-10T18:51:45.939+00:00	mainboard	add	Mystical Tutor
2022-07-10T18:51:45.939+00:00	mainboard	add	Echo of Eons
2022-07-10T18:51:45.939+00:00	mainboard	add	The Reality Chip
2022-07-10T18:51:45.939+00:00	mainboard	add	Emry, Lurker of the Loch
2022-07-10T18:51:45.939+00:00	mainboard	add	Spellseeker
2022-07-10T18:51:45.939+00:00	mainboard	add	Memory Deluge
2022-07-10T18:51:45.939+00:00	mainboard	add	Mystic Confluence
2022-07-10T18:51:45.939+00:00	mainboard	add	Hullbreaker Horror
2022-07-10T18:51:45.939+00:00	mainboard	add	Riftwing Cloudskate
2022-07-10T18:51:45.939+00:00	mainboard	add	Time Walk
2022-07-10T18:51:45.939+00:00	mainboard	add	Mox Sapphire
2022-07-10T18:51:45.939+00:00	mainboard	add	Show and Tell
2022-07-10T18:51:45.939+00:00	mainboard	add	Trinket Mage
2022-07-10T18:51:45.939+00:00	mainboard	add	Vendilion Clique
2022-07-10T18:51:45.939+00:00	mainboard	add	Mind's Desire
2022-07-10T18:51:45.939+00:00	mainboard	add	Bribery
2022-07-10T18:51:45.939+00:00	mainboard	add	Treasure Cruise
2022-07-10T18:51:45.939+00:00	mainboard	add	Carrion Feeder
2022-07-10T18:51:45.939+00:00	mainboard	add	Cryptbreaker
2022-07-10T18:51:45.939+00:00	mainboard	add	Putrid Imp
2022-07-10T18:51:45.939+00:00	mainboard	add	Dark Confidant
2022-07-10T18:51:45.939+00:00	mainboard	add	Mesmeric Fiend
2022-07-10T18:51:45.939+00:00	mainboard	add	Scrapheap Scrounger
2022-07-10T18:51:45.939+00:00	mainboard	add	Vampire Hexmage
2022-07-10T18:51:45.939+00:00	mainboard	add	Ophiomancer
2022-07-10T18:51:45.939+00:00	mainboard	add	Woe Strider
2022-07-10T18:51:45.939+00:00	mainboard	add	Ravenous Chupacabra
2022-07-10T18:51:45.939+00:00	mainboard	add	Custodi Lich
2022-07-10T18:51:45.939+00:00	mainboard	add	Fatal Push
2022-07-10T18:51:45.939+00:00	mainboard	add	Infernal Grasp
2022-07-10T18:51:45.939+00:00	mainboard	add	Snuff Out
2022-07-10T18:51:45.939+00:00	mainboard	add	Dismember
2022-07-10T18:51:45.939+00:00	mainboard	add	Mind Twist
2022-07-10T18:51:45.939+00:00	mainboard	add	Collective Brutality
2022-07-10T18:51:45.939+00:00	mainboard	add	Mox Jet
2022-07-10T18:51:45.939+00:00	mainboard	add	Yawgmoth's Will
2022-07-10T18:51:45.939+00:00	mainboard	add	Night's Whisper
2022-07-10T18:51:45.939+00:00	mainboard	add	Volrath's Stronghold
2022-07-10T18:51:45.939+00:00	mainboard	add	Takenuma, Abandoned Mire
2022-07-10T18:51:45.939+00:00	mainboard	add	Wishclaw Talisman
2022-07-10T18:51:45.939+00:00	mainboard	add	Sakura-Tribe Elder
2022-07-10T18:51:45.939+00:00	mainboard	add	Elvish Reclaimer
2022-07-10T18:51:45.939+00:00	mainboard	add	Circle of Dreams Druid
2022-07-10T18:51:45.939+00:00	mainboard	add	Wall of Roots
2022-07-10T18:51:45.939+00:00	mainboard	add	Sylvan Caryatid
2022-07-10T18:51:45.939+00:00	mainboard	add	Endurance
2022-07-10T18:51:45.939+00:00	mainboard	add	Nissa, Vastwood Seer
2022-07-10T18:51:45.939+00:00	mainboard	add	Polukranos, World Eater
2022-07-10T18:51:45.939+00:00	mainboard	add	Questing Beast
2022-07-10T18:51:45.939+00:00	mainboard	add	Toski, Bearer of Secrets
2022-07-10T18:51:45.939+00:00	mainboard	add	Deranged Hermit
2022-07-10T18:51:45.939+00:00	mainboard	add	Whisperwood Elemental
2022-07-10T18:51:45.939+00:00	mainboard	add	Tovolar's Huntmaster
2022-07-10T18:51:45.939+00:00	mainboard	add	Nissa, Who Shakes the World
2022-07-10T18:51:45.939+00:00	mainboard	add	Eureka
2022-07-10T18:51:45.939+00:00	mainboard	add	Mox Emerald
2022-07-10T18:51:45.939+00:00	mainboard	add	Sylvan Library
2022-07-10T18:51:45.939+00:00	mainboard	add	Boseiju, Who Endures
2022-07-10T18:51:45.939+00:00	mainboard	add	Extraction Specialist
2022-07-10T18:51:45.939+00:00	mainboard	add	Student of Warfare
2022-07-10T18:51:45.939+00:00	mainboard	add	Usher of the Fallen
2022-07-10T18:51:45.939+00:00	mainboard	add	Adanto Vanguard
2022-07-10T18:51:45.939+00:00	mainboard	add	Cathar Commando
2022-07-10T18:51:45.939+00:00	mainboard	add	Intrepid Adversary
2022-07-10T18:51:45.939+00:00	mainboard	add	Leonin Relic-Warder
2022-07-10T18:51:45.939+00:00	mainboard	add	Selfless Spirit
2022-07-10T18:51:45.939+00:00	mainboard	add	Adeline, Resplendent Cathar
2022-07-10T18:51:45.939+00:00	mainboard	add	Silverblade Paladin
2022-07-10T18:51:45.939+00:00	mainboard	add	Skyclave Apparition
2022-07-10T18:51:45.939+00:00	mainboard	add	Archangel Avacyn
2022-07-10T18:51:45.939+00:00	mainboard	add	Baneslayer Angel
2022-07-10T18:51:45.939+00:00	mainboard	add	Solitude
2022-07-10T18:51:45.939+00:00	mainboard	add	Iona, Shield of Emeria
2022-07-10T18:51:45.939+00:00	mainboard	add	Elspeth Resplendent
2022-07-10T18:51:45.939+00:00	mainboard	add	Winds of Abandon
2022-07-10T18:51:45.939+00:00	mainboard	add	Mox Pearl
2022-07-10T18:51:45.939+00:00	mainboard	add	History of Benalia
2022-07-10T18:51:45.939+00:00	mainboard	add	Chandra, Torch of Defiance
2022-07-10T18:51:45.939+00:00	mainboard	add	Glorybringer
2022-07-10T18:51:45.939+00:00	mainboard	add	Mizzium Mortars
2022-07-10T18:51:45.939+00:00	mainboard	add	Eidolon of the Great Revel
2022-07-10T18:51:45.939+00:00	mainboard	add	Abbot of Keral Keep
2022-07-10T18:51:45.939+00:00	mainboard	add	Magda, Brazen Outlaw
2022-07-10T18:51:45.939+00:00	mainboard	add	Voltaic Visionary
2022-07-10T18:51:45.939+00:00	mainboard	add	Birgi, God of Storytelling
2022-07-10T18:51:45.939+00:00	mainboard	add	Goblin Rabblemaster
2022-07-10T18:51:45.939+00:00	mainboard	add	Seasoned Pyromancer
2022-07-10T18:51:45.939+00:00	mainboard	add	Avalanche Riders
2022-07-10T18:51:45.939+00:00	mainboard	add	Hazoret the Fervent
2022-07-10T18:51:45.939+00:00	mainboard	add	Fury
2022-07-10T18:51:45.939+00:00	mainboard	add	Thundermaw Hellkite
2022-07-10T18:51:45.939+00:00	mainboard	add	Inferno Titan
2022-07-10T18:51:45.939+00:00	mainboard	add	Desperate Ritual
2022-07-10T18:51:45.939+00:00	mainboard	add	Incinerate
2022-07-10T18:51:45.939+00:00	mainboard	add	Pyretic Ritual
2022-07-10T18:51:45.939+00:00	mainboard	add	Char
2022-07-10T18:51:45.939+00:00	mainboard	add	Through the Breach
2022-07-10T18:51:45.939+00:00	mainboard	add	Fireblast
2022-07-10T18:51:45.939+00:00	mainboard	add	Light Up the Stage
2022-07-10T18:51:45.939+00:00	mainboard	add	Ignite Memories
2022-07-10T18:51:45.939+00:00	mainboard	add	Jokulhaups
2022-07-10T18:51:45.939+00:00	mainboard	add	Mox Ruby
2022-07-10T18:51:45.939+00:00	mainboard	add	Underworld Breach
2022-07-10T18:51:46.939+00:00	mainboard	remove	Eidolon of the Great Revel
2022-07-10T18:51:46.939+00:00	mainboard	remove	Abbot of Keral Keep
2022-07-10T18:51:46.939+00:00	mainboard	remove	Magda, Brazen Outlaw
2022-07-10T18:51:46.939+00:00	mainboard	remove	Voltaic Visionary
2022-07-10T18:51:46.939+00:00	mainboard	remove	Birgi, God of Storytelling
2022-07-10T18:51:46.939+00:00	mainboard	remove	Goblin Rabblemaster
2022-07-10T18:51:46.939+00:00	mainboard	remove	Seasoned Pyromancer
2022-07-10T18:51:46.939+00:00	mainboard	remove	Avalanche Riders
2022-07-10T18:51:46.939+00:00	mainboard	remove	Hazoret the Fervent
2022-07-10T18:51:46.939+00:00	mainboard	remove	Fury
2022-07-10T18:51:46.939+00:00	mainboard	remove	Thundermaw Hellkite
2022-07-10T18:51:46.939+00:00	mainboard	remove	Inferno Titan
2022-07-10T18:51:46.939+00:00	mainboard	remove	Desperate Ritual
2022-07-10T18:51:46.939+00:00	mainboard	remove	Incinerate
2022-07-10T18:51:46.939+00:00	mainboard	remove	Pyretic Ritual
2022-07-10T18:51:46.939+00:00	mainboard	remove	Char
2022-07-10T18:51:46.939+00:00	mainboard	remove	Through the Breach
2022-07-10T18:51:46.939+00:00	mainboard	remove	Fireblast
2022-07-10T18:51:46.939+00:00	mainboard	remove	Light Up the Stage
2022-07-10T18:51:46.939+00:00	mainboard	remove	Ignite Memories
2022-07-10T18:51:46.939+00:00	mainboard	remove	Jokulhaups
2022-07-10T18:51:46.939+00:00	mainboard	remove	Mox Ruby
2022-07-10T18:51:46.939+00:00	mainboard	remove	Underworld Breach
2022-07-10T18:54:50.903+00:00	mainboard	add	Vexing Devil
2022-07-10T18:54:50.903+00:00	mainboard	add	Soul-Scar Mage
2022-07-10T18:59:15.868+00:00	mainboard	remove	Mizzium Mortars
2022-07-10T18:59:15.868+00:00	mainboard	add	Greater Gargadon
2022-07-10T18:59:15.868+00:00	mainboard	add	Final Fortune
2022-07-10T18:59:15.868+00:00	mainboard	add	Lava Coil
2022-07-10T18:59:15.868+00:00	mainboard	add	Reckless Impulse
2022-07-10T18:59:15.868+00:00	mainboard	add	Kari Zev, Skyship Raider
2022-07-10T18:59:15.868+00:00	mainboard	add	Cemetery Gatekeeper
2022-07-10T18:59:15.868+00:00	mainboard	add	Dragonkin Berserker
2022-07-10T18:59:15.868+00:00	mainboard	add	Goblin Engineer
2022-07-10T18:59:15.868+00:00	mainboard	add	Rampaging Ferocidon
2022-07-10T18:59:15.868+00:00	mainboard	add	Pia Nalaar
2022-07-10T18:59:15.868+00:00	mainboard	add	Lightning Phoenix
2022-07-10T18:59:15.868+00:00	mainboard	add	Chandra, Acolyte of Flame
2022-07-10T18:59:15.868+00:00	mainboard	add	Anger of the Gods
2022-07-10T18:59:15.868+00:00	mainboard	add	Fireball
2022-07-10T18:59:15.868+00:00	mainboard	add	Chandra, Dressed to Kill
2022-07-10T18:59:15.868+00:00	mainboard	add	Mizzium Tank
2022-07-10T19:01:38.042+00:00	mainboard	remove	Chandra, Torch of Defiance
2022-07-10T19:01:38.042+00:00	mainboard	remove	Glorybringer
2022-07-10T19:01:38.042+00:00	mainboard	add	Moonveil Regent
2022-07-10T19:01:38.042+00:00	mainboard	add	Storm-Kiln Artist
2022-07-10T19:01:38.042+00:00	mainboard	add	Outpost Siege
2022-07-10T19:01:38.042+00:00	mainboard	add	Fiery Confluence
2022-07-10T19:01:38.042+00:00	mainboard	add	Purphoros, Bronze-Blooded
2022-07-10T19:01:38.042+00:00	mainboard	add	Embercleave
2022-07-10T19:01:38.042+00:00	mainboard	add	Siege-Gang Commander
2022-07-10T19:01:38.042+00:00	mainboard	add	Wildfire
2022-07-10T19:01:38.042+00:00	mainboard	add	Burning of Xinye
2022-07-10T19:01:38.042+00:00	mainboard	add	Charmbreaker Devils
2022-07-10T20:25:32.805+00:00	mainboard	remove	Student of Warfare
2022-07-10T20:25:32.805+00:00	mainboard	remove	Usher of the Fallen
2022-07-10T20:25:32.805+00:00	mainboard	remove	Adanto Vanguard
2022-07-10T20:25:32.805+00:00	mainboard	remove	Cathar Commando
2022-07-10T20:25:32.805+00:00	mainboard	remove	Intrepid Adversary
2022-07-10T20:25:32.805+00:00	mainboard	remove	Leonin Relic-Warder
2022-07-10T20:25:32.805+00:00	mainboard	remove	Selfless Spirit
2022-07-10T20:25:32.805+00:00	mainboard	remove	Adeline, Resplendent Cathar
2022-07-10T20:25:32.805+00:00	mainboard	remove	Silverblade Paladin
2022-07-10T20:25:32.805+00:00	mainboard	remove	Skyclave Apparition
2022-07-10T20:25:32.805+00:00	mainboard	remove	Archangel Avacyn
2022-07-10T20:25:32.805+00:00	mainboard	remove	Baneslayer Angel
2022-07-10T20:25:32.805+00:00	mainboard	remove	Solitude
2022-07-10T20:25:32.805+00:00	mainboard	remove	Iona, Shield of Emeria
2022-07-10T20:25:32.805+00:00	mainboard	remove	Elspeth Resplendent
2022-07-10T20:25:32.805+00:00	mainboard	remove	Winds of Abandon
2022-07-10T20:25:32.805+00:00	mainboard	remove	Mox Pearl
2022-07-10T20:25:32.805+00:00	mainboard	remove	History of Benalia
2022-07-10T20:28:19.408+00:00	mainboard	remove	Extraction Specialist
2022-07-10T20:37:40.700+00:00	mainboard	add	Legion's Landing
2022-07-10T20:37:40.700+00:00	mainboard	add	Kytheon, Hero of Akros
2022-07-10T20:37:40.700+00:00	mainboard	add	Prismatic Ending
2022-07-10T20:37:40.700+00:00	mainboard	add	Condemn
2022-07-10T20:37:40.700+00:00	mainboard	add	Unexpectedly Absent
2022-07-10T20:37:40.700+00:00	mainboard	add	Charming Prince
2022-07-10T20:37:40.700+00:00	mainboard	add	Luminarch Aspirant
2022-07-10T20:37:40.700+00:00	mainboard	add	Porcelain Legionnaire
2022-07-10T20:37:40.700+00:00	mainboard	add	Soulfire Grand Master
2022-07-10T20:44:04.499+00:00	mainboard	remove	Porcelain Legionnaire
2022-07-10T20:44:04.499+00:00	mainboard	add	Brimaz, King of Oreskos
2022-07-10T20:44:04.499+00:00	mainboard	add	Brutal Cathar
2022-07-10T20:44:04.499+00:00	mainboard	add	Lingering Souls
2022-07-10T20:44:04.499+00:00	mainboard	add	Banishing Light
2022-07-10T20:44:04.499+00:00	mainboard	add	Emeria Angel
2022-07-10T20:58:54.310+00:00	mainboard	add	Timeless Dragon
2022-07-10T20:58:54.310+00:00	mainboard	add	Ancient Gold Dragon
2022-07-10T20:58:54.310+00:00	mainboard	add	Serra's Emissary
2022-07-10T20:58:54.310+00:00	mainboard	add	Elspeth Conquers Death
2022-07-10T20:58:54.310+00:00	mainboard	add	Slash the Ranks
2022-07-10T21:05:04.424+00:00	mainboard	add	Soulfire Grand Master
2022-07-10T21:05:34.183+00:00	mainboard	remove	Soulfire Grand Master
2022-07-10T21:05:34.183+00:00	mainboard	remove	Soulfire Grand Master
2022-07-11T10:11:07.334+00:00	mainboard	add	Wheel of Fortune
2022-07-11T10:12:07.422+00:00	mainboard	remove	Wheel of Fortune
2022-07-11T15:57:45.807+00:00	mainboard	remove	Circle of Dreams Druid
2022-07-11T15:57:45.807+00:00	mainboard	remove	Wall of Roots
2022-07-11T15:57:45.807+00:00	mainboard	remove	Sylvan Caryatid
2022-07-11T15:57:45.807+00:00	mainboard	remove	Endurance
2022-07-11T15:57:45.807+00:00	mainboard	remove	Nissa, Vastwood Seer
2022-07-11T15:57:45.807+00:00	mainboard	remove	Polukranos, World Eater
2022-07-11T15:57:45.807+00:00	mainboard	remove	Questing Beast
2022-07-11T15:57:45.807+00:00	mainboard	remove	Toski, Bearer of Secrets
2022-07-11T15:57:45.807+00:00	mainboard	remove	Deranged Hermit
2022-07-11T15:57:45.807+00:00	mainboard	remove	Whisperwood Elemental
2022-07-11T15:57:45.807+00:00	mainboard	remove	Tovolar's Huntmaster
2022-07-11T15:57:45.807+00:00	mainboard	remove	Nissa, Who Shakes the World
2022-07-11T15:57:45.807+00:00	mainboard	remove	Eureka
2022-07-11T15:57:45.807+00:00	mainboard	remove	Mox Emerald
2022-07-11T15:57:45.807+00:00	mainboard	remove	Sylvan Library
2022-07-11T15:57:45.807+00:00	mainboard	remove	Boseiju, Who Endures
2022-07-11T16:26:00.571+00:00	mainboard	add	Kogla, the Titan Ape
2022-07-11T16:26:00.571+00:00	mainboard	add	Elder Gargaroth
2022-07-11T16:29:17.983+00:00	mainboard	add	Gemrazer
2022-07-11T16:29:17.983+00:00	mainboard	add	Tovolar's Huntmaster
2022-07-11T16:41:18.568+00:00	mainboard	remove	Elder Gargaroth
2022-07-11T16:41:18.568+00:00	mainboard	add	Abundant Harvest
2022-07-11T16:41:18.568+00:00	mainboard	add	Tireless Provisioner
2022-07-11T16:41:18.568+00:00	mainboard	add	Yavimaya Elder
2022-07-11T16:46:56.192+00:00	mainboard	remove	Elvish Reclaimer
2022-07-11T16:46:56.192+00:00	mainboard	remove	Kogla, the Titan Ape
2022-07-11T16:49:42.186+00:00	mainboard	remove	Sakura-Tribe Elder
2022-07-11T16:49:42.186+00:00	mainboard	add	Lotus Cobra
2022-07-11T21:03:24.910+00:00	mainboard	remove	Carrion Feeder
2022-07-11T21:03:24.910+00:00	mainboard	remove	Cryptbreaker
2022-07-11T21:03:24.910+00:00	mainboard	remove	Putrid Imp
2022-07-11T21:03:24.910+00:00	mainboard	remove	Dark Confidant
2022-07-11T21:03:24.910+00:00	mainboard	remove	Mesmeric Fiend
2022-07-11T21:03:24.910+00:00	mainboard	remove	Scrapheap Scrounger
2022-07-11T21:03:24.910+00:00	mainboard	remove	Vampire Hexmage
2022-07-11T21:03:24.910+00:00	mainboard	remove	Ophiomancer
2022-07-11T21:03:24.910+00:00	mainboard	remove	Woe Strider
2022-07-11T21:03:24.910+00:00	mainboard	remove	Ravenous Chupacabra
2022-07-11T21:03:24.910+00:00	mainboard	remove	Custodi Lich
2022-07-11T21:03:24.910+00:00	mainboard	remove	Fatal Push
2022-07-11T21:03:24.910+00:00	mainboard	remove	Infernal Grasp
2022-07-11T21:03:24.910+00:00	mainboard	remove	Snuff Out
2022-07-11T21:03:24.910+00:00	mainboard	remove	Dismember
2022-07-11T21:03:24.910+00:00	mainboard	remove	Mind Twist
2022-07-11T21:03:24.910+00:00	mainboard	remove	Collective Brutality
2022-07-11T21:03:24.910+00:00	mainboard	remove	Mox Jet
2022-07-11T21:03:24.910+00:00	mainboard	remove	Yawgmoth's Will
2022-07-11T21:03:24.910+00:00	mainboard	remove	Night's Whisper
2022-07-11T21:03:24.910+00:00	mainboard	remove	Volrath's Stronghold
2022-07-11T21:03:24.910+00:00	mainboard	remove	Takenuma, Abandoned Mire
2022-07-11T21:03:24.910+00:00	mainboard	remove	Wishclaw Talisman
