[2024-07-11T17:08:25Z WARN] missed edit revert: Brutal Cathar -> Brutal Cathar
[2024-07-11T17:08:25Z WARN] missed edit revert: Containment Priest -> Containment Priest
[2024-07-11T17:08:25Z WARN] missed edit revert: Land Tax -> Land Tax
[2024-07-11T17:08:25Z WARN] missed edit revert: Jace, the Mind Sculptor -> Jace, the Mind Sculptor
[2024-07-11T17:08:25Z WARN] missed edit revert: Suspicious Stowaway -> Suspicious Stowaway
[2024-07-11T17:08:25Z WARN] missed add: Suspicious Stowaway
[2024-07-11T17:08:25Z WARN] missed edit revert: Sprite Dragon -> Sprite Dragon
[2024-07-11T17:08:25Z WARN] missed edit revert: Vivien, Monsters' Advocate -> Vivien, Monsters' Advocate
[2024-07-11T17:08:25Z WARN] missed edit revert: Phyrexian Metamorph -> Phyrexian Metamorph
[2024-07-11T17:08:25Z WARN] missed swap revert: Dream Halls -> Gilded Drake
[2024-07-11T17:08:25Z WARN] missed add: Containment Priest
[2024-07-11T17:08:25Z WARN] missed add: Skullclamp
[2024-07-11T17:08:25Z WARN] missed add: Sword of Fire and Ice
[2024-07-11T17:08:25Z WARN] missed add: Dragonlord Atarka
[2024-07-11T17:08:25Z WARN] missed add: Vivien, Monsters' Advocate
[2024-07-11T17:08:25Z WARN] missed swap revert: Solitude -> Legion's Landing
[2024-07-11T17:08:25Z WARN] missed add: Nissa, Who Shakes the World
[2024-07-11T17:08:25Z WARN] missed add: Hazoret the Fervent
[2024-07-11T17:08:25Z WARN] missed add: Adanto Vanguard
[2024-07-11T17:08:25Z WARN] missed add: Sprite Dragon
[2024-07-11T17:08:25Z WARN] missed add: Valki, God of Lies
[2024-07-11T17:08:25Z WARN] missed add: Birgi, God of Storytelling
[2024-07-11T17:08:25Z WARN] missed add: Thief of Sanity
[2024-07-11T17:08:25Z WARN] missed add: Fallen Shinobi
[2024-07-11T17:08:25Z WARN] missed add: Hullbreacher
[2024-07-11T17:08:25Z WARN] missed add: Torrential Gearhulk
[2024-07-11T17:08:25Z WARN] missed add: Invalid Card
[2024-07-11T17:08:25Z WARN] missed add: Brutal Cathar
[2024-07-11T17:08:25Z WARN] missed add: Legion's Landing
[2024-07-11T17:08:25Z WARN] missed add: Lava Coil